04/18/2024 08:54:39 PM: INFO: ---------Pulling all the Products Names----------
04/18/2024 08:54:39 PM: INFO: ------------Entering the Country Names----------
04/18/2024 08:54:44 PM: INFO: ------------The Text recivied is ----------×
Success! Thank you! Your order will be delivered in next few weeks :-).
04/18/2024 08:56:18 PM: INFO: ---------Pulling all the Products Names----------
04/18/2024 08:56:18 PM: INFO: ------------Entering the Country Names----------
04/18/2024 08:56:23 PM: INFO: ------------The Text recivied is ----------×
Success! Thank you! Your order will be delivered in next few weeks :-).
04/18/2024 08:58:12 PM: INFO: ---------Pulling all the Products Names----------
04/18/2024 08:58:12 PM: INFO: ---------Pulling all the Products Names----------iphone X
04/18/2024 08:58:12 PM: INFO: ---------Pulling all the Products Names----------Samsung Note 8
04/18/2024 08:58:12 PM: INFO: ---------Pulling all the Products Names----------Nokia Edge
04/18/2024 08:58:12 PM: INFO: ---------Pulling all the Products Names----------Blackberry
04/18/2024 08:58:12 PM: INFO: ------------Entering the Country Names----------
04/18/2024 08:58:18 PM: INFO: ------------The Text recivied is ----------×
Success! Thank you! Your order will be delivered in next few weeks :-).
04/18/2024 08:59:41 PM: INFO: ---------Pulling all the Products Names----------
04/18/2024 08:59:41 PM: INFO: iphone X
04/18/2024 08:59:41 PM: INFO: Samsung Note 8
04/18/2024 08:59:41 PM: INFO: Nokia Edge
04/18/2024 08:59:41 PM: INFO: Blackberry
04/18/2024 08:59:41 PM: INFO: ------------Entering the Country Names----------
04/18/2024 08:59:47 PM: INFO: ------------The Text recivied is ----------×
Success! Thank you! Your order will be delivered in next few weeks :-).
04/18/2024 09:01:09 PM: INFO: ---------Pulling all the Products Names----------
04/18/2024 09:01:09 PM: INFO: iphone X
04/18/2024 09:01:09 PM: INFO: Samsung Note 8
04/18/2024 09:01:09 PM: INFO: Nokia Edge
04/18/2024 09:01:09 PM: INFO: Blackberry
04/18/2024 09:01:09 PM: INFO: ------------Entering the Country Names----------
04/18/2024 09:01:14 PM: INFO: ------------The Text recivied is ----------×
Success! Thank you! Your order will be delivered in next few weeks :-).
04/18/2024 09:01:33 PM: INFO: ---------Pulling all the Products Names----------
04/18/2024 09:01:33 PM: INFO: iphone X
04/18/2024 09:01:33 PM: INFO: Samsung Note 8
04/18/2024 09:01:33 PM: INFO: Nokia Edge
04/18/2024 09:01:33 PM: INFO: Blackberry
04/18/2024 09:01:34 PM: INFO: ------------Entering the Country Names----------
04/18/2024 09:01:39 PM: INFO: ------------The Text recivied is ----------×
Success! Thank you! Your order will be delivered in next few weeks :-).
04/18/2024 09:02:26 PM: INFO: ---------Pulling all the Products Names----------
04/18/2024 09:02:26 PM: INFO: iphone X
04/18/2024 09:02:26 PM: INFO: Samsung Note 8
04/18/2024 09:02:26 PM: INFO: Nokia Edge
04/18/2024 09:02:26 PM: INFO: Blackberry
04/18/2024 09:02:27 PM: INFO: ------------Entering the Country Names----------
04/18/2024 09:02:32 PM: INFO: ------------The Text recivied is ----------×
Success! Thank you! Your order will be delivered in next few weeks :-).
04/18/2024 09:03:14 PM: INFO: ---------Pulling all the Products Names----------
04/18/2024 09:03:14 PM: INFO: iphone X
04/18/2024 09:03:14 PM: INFO: Samsung Note 8
04/18/2024 09:03:14 PM: INFO: Nokia Edge
04/18/2024 09:03:14 PM: INFO: Blackberry
04/18/2024 09:03:14 PM: INFO: ------------Entering the Country Names----------
04/18/2024 09:03:20 PM: INFO: ------------The Text recivied is ----------×
Success! Thank you! Your order will be delivered in next few weeks :-).
04/18/2024 09:13:07 PM: INFO: ---------Pulling all the Products Names----------
04/18/2024 09:13:07 PM: INFO: iphone X
04/18/2024 09:13:07 PM: INFO: Samsung Note 8
04/18/2024 09:13:07 PM: INFO: Nokia Edge
04/18/2024 09:13:07 PM: INFO: Blackberry
04/18/2024 09:13:07 PM: INFO: ------------Entering the Country Names----------
04/18/2024 09:13:12 PM: INFO: ------------The Text recivied is ----------×
Success! Thank you! Your order will be delivered in next few weeks :-).
04/18/2024 09:15:34 PM: INFO: first name is Rahul
04/18/2024 09:15:39 PM: INFO: first name is Anshika
04/18/2024 09:15:39 PM: INFO: first name is Anshika
04/18/2024 09:15:52 PM: INFO: ---------Pulling all the Products Names----------
04/18/2024 09:15:52 PM: INFO: iphone X
04/18/2024 09:15:52 PM: INFO: Samsung Note 8
04/18/2024 09:15:52 PM: INFO: Nokia Edge
04/18/2024 09:15:52 PM: INFO: Blackberry
04/18/2024 09:15:52 PM: INFO: ------------Entering the Country Names----------
04/18/2024 09:15:57 PM: INFO: ------------The Text recivied is ----------×
Success! Thank you! Your order will be delivered in next few weeks :-).
04/18/2024 09:29:53 PM: INFO: first name is Rahul
04/18/2024 09:29:58 PM: INFO: first name is Anshika
04/18/2024 09:29:58 PM: INFO: first name is Anshika
04/18/2024 09:30:11 PM: INFO: ---------Pulling all the Products Names----------
04/18/2024 09:30:12 PM: INFO: iphone X
04/18/2024 09:30:12 PM: INFO: Samsung Note 8
04/18/2024 09:30:12 PM: INFO: Nokia Edge
04/18/2024 09:30:12 PM: INFO: Blackberry
04/18/2024 09:30:12 PM: INFO: ------------Entering the Country Names----------
04/18/2024 09:30:17 PM: INFO: ------------The Text recivied is ----------×
Success! Thank you! Your order will be delivered in next few weeks :-).
04/18/2024 09:33:15 PM: INFO: first name is Rahul
04/18/2024 09:33:20 PM: INFO: first name is Anshika
04/18/2024 09:33:20 PM: INFO: first name is Anshika
04/18/2024 09:33:34 PM: INFO: ---------Pulling all the Products Names----------
04/18/2024 09:33:34 PM: INFO: iphone X
04/18/2024 09:33:34 PM: INFO: Samsung Note 8
04/18/2024 09:33:35 PM: INFO: Nokia Edge
04/18/2024 09:33:35 PM: INFO: Blackberry
04/18/2024 09:33:35 PM: INFO: ------------Entering the Country Names----------
04/18/2024 09:33:41 PM: INFO: ------------The Text recivied is ----------×
Success! Thank you! Your order will be delivered in next few weeks :-).
04/18/2024 09:34:24 PM: INFO: first name is Rahul
04/18/2024 09:34:28 PM: INFO: first name is Anshika
04/18/2024 09:34:28 PM: INFO: first name is Anshika
04/18/2024 09:34:40 PM: INFO: ---------Pulling all the Products Names----------
04/19/2024 04:50:00 PM: INFO: first name is Rahul
04/19/2024 04:50:05 PM: INFO: first name is Anshika
04/19/2024 04:50:05 PM: INFO: first name is Anshika
04/19/2024 04:50:22 PM: INFO: ---------Pulling all the Products Names----------
04/19/2024 04:50:22 PM: INFO: iphone X
04/19/2024 04:50:22 PM: INFO: Samsung Note 8
04/19/2024 04:50:22 PM: INFO: Nokia Edge
04/19/2024 04:50:22 PM: INFO: Blackberry
04/19/2024 04:50:22 PM: INFO: ------------Entering the Country Names----------
04/19/2024 04:50:28 PM: INFO: ------------The Text recivied is ----------×
Success! Thank you! Your order will be delivered in next few weeks :-).
04/19/2024 06:16:31 PM: INFO: first name is Rahul
04/19/2024 06:16:36 PM: INFO: first name is Anshika
04/19/2024 06:16:36 PM: INFO: first name is Anshika
04/19/2024 06:16:44 PM: INFO: ====== WebDriver manager ======
04/19/2024 06:16:44 PM: INFO: ====== WebDriver manager ======
04/19/2024 06:16:46 PM: INFO: Get LATEST edgedriver version for Edge 123.0.2420
04/19/2024 06:16:46 PM: INFO: Get LATEST edgedriver version for Edge 123.0.2420
04/19/2024 06:16:47 PM: INFO: Get LATEST edgedriver version for Edge 123.0.2420
04/19/2024 06:16:47 PM: INFO: Get LATEST edgedriver version for Edge 123.0.2420
04/19/2024 06:16:50 PM: INFO: Driver [C:\Users\SHAIK KHAJA MOHIDDIN\.wdm\drivers\edgedriver\win64\123.0.2420.97\msedgedriver.exe] found in cache
04/19/2024 06:16:50 PM: INFO: Driver [C:\Users\SHAIK KHAJA MOHIDDIN\.wdm\drivers\edgedriver\win64\123.0.2420.97\msedgedriver.exe] found in cache
04/19/2024 06:16:53 PM: INFO: ---------Pulling all the Products Names----------
04/19/2024 06:16:53 PM: INFO: ---------Pulling all the Products Names----------
04/19/2024 06:16:53 PM: INFO: ---------Pulling all the Products Names----------
04/19/2024 06:16:53 PM: INFO: iphone X
04/19/2024 06:16:53 PM: INFO: iphone X
04/19/2024 06:16:53 PM: INFO: iphone X
04/19/2024 06:16:53 PM: INFO: Samsung Note 8
04/19/2024 06:16:53 PM: INFO: Samsung Note 8
04/19/2024 06:16:53 PM: INFO: Samsung Note 8
04/19/2024 06:16:53 PM: INFO: Nokia Edge
04/19/2024 06:16:53 PM: INFO: Nokia Edge
04/19/2024 06:16:53 PM: INFO: Nokia Edge
04/19/2024 06:16:53 PM: INFO: Blackberry
04/19/2024 06:16:53 PM: INFO: Blackberry
04/19/2024 06:16:53 PM: INFO: Blackberry
04/19/2024 06:16:54 PM: INFO: ------------Entering the Country Names----------
04/19/2024 06:16:54 PM: INFO: ------------Entering the Country Names----------
04/19/2024 06:16:54 PM: INFO: ------------Entering the Country Names----------
04/19/2024 06:16:59 PM: INFO: ------------The Text recivied is ----------×
Success! Thank you! Your order will be delivered in next few weeks :-).
04/19/2024 06:16:59 PM: INFO: ------------The Text recivied is ----------×
Success! Thank you! Your order will be delivered in next few weeks :-).
04/19/2024 06:16:59 PM: INFO: ------------The Text recivied is ----------×
Success! Thank you! Your order will be delivered in next few weeks :-).
04/19/2024 06:17:42 PM: INFO: first name is Rahul
04/19/2024 06:17:47 PM: INFO: first name is Anshika
04/19/2024 06:17:47 PM: INFO: first name is Anshika
04/19/2024 06:17:54 PM: INFO: ====== WebDriver manager ======
04/19/2024 06:17:54 PM: INFO: ====== WebDriver manager ======
04/19/2024 06:17:56 PM: INFO: Get LATEST edgedriver version for Edge 123.0.2420
04/19/2024 06:17:56 PM: INFO: Get LATEST edgedriver version for Edge 123.0.2420
04/19/2024 06:17:57 PM: INFO: Get LATEST edgedriver version for Edge 123.0.2420
04/19/2024 06:17:57 PM: INFO: Get LATEST edgedriver version for Edge 123.0.2420
04/19/2024 06:17:58 PM: INFO: Driver [C:\Users\SHAIK KHAJA MOHIDDIN\.wdm\drivers\edgedriver\win64\123.0.2420.97\msedgedriver.exe] found in cache
04/19/2024 06:17:58 PM: INFO: Driver [C:\Users\SHAIK KHAJA MOHIDDIN\.wdm\drivers\edgedriver\win64\123.0.2420.97\msedgedriver.exe] found in cache
04/19/2024 06:18:01 PM: INFO: ---------Pulling all the Products Names----------
04/19/2024 06:18:01 PM: INFO: ---------Pulling all the Products Names----------
04/19/2024 06:18:01 PM: INFO: ---------Pulling all the Products Names----------
04/19/2024 06:18:01 PM: INFO: iphone X
04/19/2024 06:18:01 PM: INFO: iphone X
04/19/2024 06:18:01 PM: INFO: iphone X
04/19/2024 06:18:01 PM: INFO: Samsung Note 8
04/19/2024 06:18:01 PM: INFO: Samsung Note 8
04/19/2024 06:18:01 PM: INFO: Samsung Note 8
04/19/2024 06:18:01 PM: INFO: Nokia Edge
04/19/2024 06:18:01 PM: INFO: Nokia Edge
04/19/2024 06:18:01 PM: INFO: Nokia Edge
04/19/2024 06:18:01 PM: INFO: Blackberry
04/19/2024 06:18:01 PM: INFO: Blackberry
04/19/2024 06:18:01 PM: INFO: Blackberry
04/19/2024 06:18:02 PM: INFO: ------------Entering the Country Names----------
04/19/2024 06:18:02 PM: INFO: ------------Entering the Country Names----------
04/19/2024 06:18:02 PM: INFO: ------------Entering the Country Names----------
04/19/2024 06:18:07 PM: INFO: ------------The Text recivied is ----------×
Success! Thank you! Your order will be delivered in next few weeks :-).
04/19/2024 06:18:07 PM: INFO: ------------The Text recivied is ----------×
Success! Thank you! Your order will be delivered in next few weeks :-).
04/19/2024 06:18:07 PM: INFO: ------------The Text recivied is ----------×
Success! Thank you! Your order will be delivered in next few weeks :-).
04/19/2024 06:24:17 PM: INFO: first name is Rahul
04/19/2024 06:24:22 PM: INFO: first name is Anshika
04/19/2024 06:24:22 PM: INFO: first name is Anshika
04/19/2024 06:24:29 PM: INFO: ====== WebDriver manager ======
04/19/2024 06:24:29 PM: INFO: ====== WebDriver manager ======
04/19/2024 06:24:31 PM: INFO: Get LATEST edgedriver version for Edge 123.0.2420
04/19/2024 06:24:31 PM: INFO: Get LATEST edgedriver version for Edge 123.0.2420
04/19/2024 06:24:33 PM: INFO: Get LATEST edgedriver version for Edge 123.0.2420
04/19/2024 06:24:33 PM: INFO: Get LATEST edgedriver version for Edge 123.0.2420
04/19/2024 06:24:34 PM: INFO: Driver [C:\Users\SHAIK KHAJA MOHIDDIN\.wdm\drivers\edgedriver\win64\123.0.2420.97\msedgedriver.exe] found in cache
04/19/2024 06:24:34 PM: INFO: Driver [C:\Users\SHAIK KHAJA MOHIDDIN\.wdm\drivers\edgedriver\win64\123.0.2420.97\msedgedriver.exe] found in cache
04/19/2024 06:24:37 PM: INFO: ---------Pulling all the Products Names----------
04/19/2024 06:24:37 PM: INFO: ---------Pulling all the Products Names----------
04/19/2024 06:24:37 PM: INFO: ---------Pulling all the Products Names----------
04/19/2024 06:24:37 PM: INFO: iphone X
04/19/2024 06:24:37 PM: INFO: iphone X
04/19/2024 06:24:37 PM: INFO: iphone X
04/19/2024 06:24:37 PM: INFO: Samsung Note 8
04/19/2024 06:24:37 PM: INFO: Samsung Note 8
04/19/2024 06:24:37 PM: INFO: Samsung Note 8
04/19/2024 06:24:37 PM: INFO: Nokia Edge
04/19/2024 06:24:37 PM: INFO: Nokia Edge
04/19/2024 06:24:37 PM: INFO: Nokia Edge
04/19/2024 06:24:37 PM: INFO: Blackberry
04/19/2024 06:24:37 PM: INFO: Blackberry
04/19/2024 06:24:37 PM: INFO: Blackberry
04/19/2024 06:24:37 PM: INFO: ------------Entering the Country Names----------
04/19/2024 06:24:37 PM: INFO: ------------Entering the Country Names----------
04/19/2024 06:24:37 PM: INFO: ------------Entering the Country Names----------
04/19/2024 06:24:43 PM: INFO: ------------The Text recivied is ----------×
Success! Thank you! Your order will be delivered in next few weeks :-).
04/19/2024 06:24:43 PM: INFO: ------------The Text recivied is ----------×
Success! Thank you! Your order will be delivered in next few weeks :-).
04/19/2024 06:24:43 PM: INFO: ------------The Text recivied is ----------×
Success! Thank you! Your order will be delivered in next few weeks :-).
04/19/2024 06:30:01 PM: INFO: first name is Rahul
04/19/2024 06:30:06 PM: INFO: first name is Anshika
04/19/2024 06:30:06 PM: INFO: first name is Anshika
04/19/2024 06:30:14 PM: INFO: ====== WebDriver manager ======
04/19/2024 06:30:14 PM: INFO: ====== WebDriver manager ======
04/19/2024 06:30:15 PM: INFO: Get LATEST edgedriver version for Edge 123.0.2420
04/19/2024 06:30:15 PM: INFO: Get LATEST edgedriver version for Edge 123.0.2420
04/19/2024 06:30:17 PM: INFO: Get LATEST edgedriver version for Edge 123.0.2420
04/19/2024 06:30:17 PM: INFO: Get LATEST edgedriver version for Edge 123.0.2420
04/19/2024 06:30:19 PM: INFO: Driver [C:\Users\SHAIK KHAJA MOHIDDIN\.wdm\drivers\edgedriver\win64\123.0.2420.97\msedgedriver.exe] found in cache
04/19/2024 06:30:19 PM: INFO: Driver [C:\Users\SHAIK KHAJA MOHIDDIN\.wdm\drivers\edgedriver\win64\123.0.2420.97\msedgedriver.exe] found in cache
04/19/2024 06:30:23 PM: INFO: ---------Pulling all the Products Names----------
04/19/2024 06:30:23 PM: INFO: ---------Pulling all the Products Names----------
04/19/2024 06:30:23 PM: INFO: ---------Pulling all the Products Names----------
04/19/2024 06:30:23 PM: INFO: iphone X
04/19/2024 06:30:23 PM: INFO: iphone X
04/19/2024 06:30:23 PM: INFO: iphone X
04/19/2024 06:30:23 PM: INFO: Samsung Note 8
04/19/2024 06:30:23 PM: INFO: Samsung Note 8
04/19/2024 06:30:23 PM: INFO: Samsung Note 8
04/19/2024 06:30:23 PM: INFO: Nokia Edge
04/19/2024 06:30:23 PM: INFO: Nokia Edge
04/19/2024 06:30:23 PM: INFO: Nokia Edge
04/19/2024 06:30:23 PM: INFO: Blackberry
04/19/2024 06:30:23 PM: INFO: Blackberry
04/19/2024 06:30:23 PM: INFO: Blackberry
04/19/2024 06:30:23 PM: INFO: ------------Entering the Country Names----------
04/19/2024 06:30:23 PM: INFO: ------------Entering the Country Names----------
04/19/2024 06:30:23 PM: INFO: ------------Entering the Country Names----------
04/19/2024 06:30:29 PM: INFO: ------------The Text recivied is ----------×
Success! Thank you! Your order will be delivered in next few weeks :-).
04/19/2024 06:30:29 PM: INFO: ------------The Text recivied is ----------×
Success! Thank you! Your order will be delivered in next few weeks :-).
04/19/2024 06:30:29 PM: INFO: ------------The Text recivied is ----------×
Success! Thank you! Your order will be delivered in next few weeks :-).
04/19/2024 06:38:40 PM: INFO: first name is Rahul
04/19/2024 06:38:45 PM: INFO: first name is Anshika
04/19/2024 06:38:45 PM: INFO: first name is Anshika
04/19/2024 06:38:52 PM: INFO: ====== WebDriver manager ======
04/19/2024 06:38:52 PM: INFO: ====== WebDriver manager ======
04/19/2024 06:38:55 PM: INFO: Get LATEST edgedriver version for Edge 123.0.2420
04/19/2024 06:38:55 PM: INFO: Get LATEST edgedriver version for Edge 123.0.2420
04/19/2024 06:38:56 PM: INFO: Get LATEST edgedriver version for Edge 123.0.2420
04/19/2024 06:38:56 PM: INFO: Get LATEST edgedriver version for Edge 123.0.2420
04/19/2024 06:38:58 PM: INFO: Driver [C:\Users\SHAIK KHAJA MOHIDDIN\.wdm\drivers\edgedriver\win64\123.0.2420.97\msedgedriver.exe] found in cache
04/19/2024 06:38:58 PM: INFO: Driver [C:\Users\SHAIK KHAJA MOHIDDIN\.wdm\drivers\edgedriver\win64\123.0.2420.97\msedgedriver.exe] found in cache
04/19/2024 06:39:02 PM: INFO: ---------Pulling all the Products Names----------
04/19/2024 06:39:02 PM: INFO: ---------Pulling all the Products Names----------
04/19/2024 06:39:02 PM: INFO: ---------Pulling all the Products Names----------
04/19/2024 06:39:02 PM: INFO: iphone X
04/19/2024 06:39:02 PM: INFO: iphone X
04/19/2024 06:39:02 PM: INFO: iphone X
04/19/2024 06:39:02 PM: INFO: Samsung Note 8
04/19/2024 06:39:02 PM: INFO: Samsung Note 8
04/19/2024 06:39:02 PM: INFO: Samsung Note 8
04/19/2024 06:39:02 PM: INFO: Nokia Edge
04/19/2024 06:39:02 PM: INFO: Nokia Edge
04/19/2024 06:39:02 PM: INFO: Nokia Edge
04/19/2024 06:39:02 PM: INFO: Blackberry
04/19/2024 06:39:02 PM: INFO: Blackberry
04/19/2024 06:39:02 PM: INFO: Blackberry
04/19/2024 06:39:03 PM: INFO: ------------Entering the Country Names----------
04/19/2024 06:39:03 PM: INFO: ------------Entering the Country Names----------
04/19/2024 06:39:03 PM: INFO: ------------Entering the Country Names----------
04/19/2024 06:39:09 PM: INFO: ------------The Text recivied is ----------×
Success! Thank you! Your order will be delivered in next few weeks :-).
04/19/2024 06:39:09 PM: INFO: ------------The Text recivied is ----------×
Success! Thank you! Your order will be delivered in next few weeks :-).
04/19/2024 06:39:09 PM: INFO: ------------The Text recivied is ----------×
Success! Thank you! Your order will be delivered in next few weeks :-).
04/19/2024 06:39:28 PM: INFO: first name is Rahul
04/19/2024 06:39:33 PM: INFO: first name is Anshika
04/19/2024 06:39:33 PM: INFO: first name is Anshika
04/19/2024 06:39:41 PM: INFO: ====== WebDriver manager ======
04/19/2024 06:39:41 PM: INFO: ====== WebDriver manager ======
04/19/2024 06:39:43 PM: INFO: Get LATEST edgedriver version for Edge 123.0.2420
04/19/2024 06:39:43 PM: INFO: Get LATEST edgedriver version for Edge 123.0.2420
04/19/2024 06:39:45 PM: INFO: Get LATEST edgedriver version for Edge 123.0.2420
04/19/2024 06:39:45 PM: INFO: Get LATEST edgedriver version for Edge 123.0.2420
04/19/2024 06:39:46 PM: INFO: Driver [C:\Users\SHAIK KHAJA MOHIDDIN\.wdm\drivers\edgedriver\win64\123.0.2420.97\msedgedriver.exe] found in cache
04/19/2024 06:39:46 PM: INFO: Driver [C:\Users\SHAIK KHAJA MOHIDDIN\.wdm\drivers\edgedriver\win64\123.0.2420.97\msedgedriver.exe] found in cache
04/19/2024 06:39:49 PM: INFO: ---------Pulling all the Products Names----------
04/19/2024 06:39:49 PM: INFO: ---------Pulling all the Products Names----------
04/19/2024 06:39:49 PM: INFO: ---------Pulling all the Products Names----------
04/19/2024 06:39:49 PM: INFO: iphone X
04/19/2024 06:39:49 PM: INFO: iphone X
04/19/2024 06:39:49 PM: INFO: iphone X
04/19/2024 06:39:49 PM: INFO: Samsung Note 8
04/19/2024 06:39:49 PM: INFO: Samsung Note 8
04/19/2024 06:39:49 PM: INFO: Samsung Note 8
04/19/2024 06:39:49 PM: INFO: Nokia Edge
04/19/2024 06:39:49 PM: INFO: Nokia Edge
04/19/2024 06:39:49 PM: INFO: Nokia Edge
04/19/2024 06:39:49 PM: INFO: Blackberry
04/19/2024 06:39:49 PM: INFO: Blackberry
04/19/2024 06:39:49 PM: INFO: Blackberry
04/19/2024 06:39:49 PM: INFO: ------------Entering the Country Names----------
04/19/2024 06:39:49 PM: INFO: ------------Entering the Country Names----------
04/19/2024 06:39:49 PM: INFO: ------------Entering the Country Names----------
04/19/2024 06:39:55 PM: INFO: ------------The Text recivied is ----------×
Success! Thank you! Your order will be delivered in next few weeks :-).
04/19/2024 06:39:55 PM: INFO: ------------The Text recivied is ----------×
Success! Thank you! Your order will be delivered in next few weeks :-).
04/19/2024 06:39:55 PM: INFO: ------------The Text recivied is ----------×
Success! Thank you! Your order will be delivered in next few weeks :-).
04/19/2024 06:41:19 PM: INFO: first name is Rahul
04/19/2024 06:41:24 PM: INFO: first name is Anshika
04/19/2024 06:41:24 PM: INFO: first name is Anshika
04/19/2024 06:41:32 PM: INFO: ====== WebDriver manager ======
04/19/2024 06:41:32 PM: INFO: ====== WebDriver manager ======
04/19/2024 06:41:36 PM: INFO: Get LATEST edgedriver version for Edge 123.0.2420
04/19/2024 06:41:36 PM: INFO: Get LATEST edgedriver version for Edge 123.0.2420
04/19/2024 06:41:38 PM: INFO: Get LATEST edgedriver version for Edge 123.0.2420
04/19/2024 06:41:38 PM: INFO: Get LATEST edgedriver version for Edge 123.0.2420
04/19/2024 06:41:39 PM: INFO: Driver [C:\Users\SHAIK KHAJA MOHIDDIN\.wdm\drivers\edgedriver\win64\123.0.2420.97\msedgedriver.exe] found in cache
04/19/2024 06:41:39 PM: INFO: Driver [C:\Users\SHAIK KHAJA MOHIDDIN\.wdm\drivers\edgedriver\win64\123.0.2420.97\msedgedriver.exe] found in cache
04/19/2024 06:41:42 PM: INFO: ---------Pulling all the Products Names----------
04/19/2024 06:41:42 PM: INFO: ---------Pulling all the Products Names----------
04/19/2024 06:41:42 PM: INFO: ---------Pulling all the Products Names----------
04/19/2024 06:41:42 PM: INFO: iphone X
04/19/2024 06:41:42 PM: INFO: iphone X
04/19/2024 06:41:42 PM: INFO: iphone X
04/19/2024 06:41:42 PM: INFO: Samsung Note 8
04/19/2024 06:41:42 PM: INFO: Samsung Note 8
04/19/2024 06:41:42 PM: INFO: Samsung Note 8
04/19/2024 06:41:42 PM: INFO: Nokia Edge
04/19/2024 06:41:42 PM: INFO: Nokia Edge
04/19/2024 06:41:42 PM: INFO: Nokia Edge
04/19/2024 06:41:42 PM: INFO: Blackberry
04/19/2024 06:41:42 PM: INFO: Blackberry
04/19/2024 06:41:42 PM: INFO: Blackberry
04/19/2024 06:41:43 PM: INFO: ------------Entering the Country Names----------
04/19/2024 06:41:43 PM: INFO: ------------Entering the Country Names----------
04/19/2024 06:41:43 PM: INFO: ------------Entering the Country Names----------
04/19/2024 06:41:48 PM: INFO: ------------The Text recivied is ----------×
Success! Thank you! Your order will be delivered in next few weeks :-).
04/19/2024 06:41:48 PM: INFO: ------------The Text recivied is ----------×
Success! Thank you! Your order will be delivered in next few weeks :-).
04/19/2024 06:41:48 PM: INFO: ------------The Text recivied is ----------×
Success! Thank you! Your order will be delivered in next few weeks :-).
04/19/2024 06:45:56 PM: INFO: first name is Rahul
04/19/2024 06:46:02 PM: INFO: first name is Anshika
04/19/2024 06:46:02 PM: INFO: first name is Anshika
04/19/2024 06:46:09 PM: INFO: ====== WebDriver manager ======
04/19/2024 06:46:09 PM: INFO: ====== WebDriver manager ======
04/19/2024 06:46:12 PM: INFO: Get LATEST edgedriver version for Edge 123.0.2420
04/19/2024 06:46:12 PM: INFO: Get LATEST edgedriver version for Edge 123.0.2420
04/19/2024 06:46:14 PM: INFO: Get LATEST edgedriver version for Edge 123.0.2420
04/19/2024 06:46:14 PM: INFO: Get LATEST edgedriver version for Edge 123.0.2420
04/19/2024 06:46:15 PM: INFO: Driver [C:\Users\SHAIK KHAJA MOHIDDIN\.wdm\drivers\edgedriver\win64\123.0.2420.97\msedgedriver.exe] found in cache
04/19/2024 06:46:15 PM: INFO: Driver [C:\Users\SHAIK KHAJA MOHIDDIN\.wdm\drivers\edgedriver\win64\123.0.2420.97\msedgedriver.exe] found in cache
04/19/2024 06:46:18 PM: INFO: ---------Pulling all the Products Names----------
04/19/2024 06:46:18 PM: INFO: ---------Pulling all the Products Names----------
04/19/2024 06:46:18 PM: INFO: ---------Pulling all the Products Names----------
04/19/2024 06:46:18 PM: INFO: iphone X
04/19/2024 06:46:18 PM: INFO: iphone X
04/19/2024 06:46:18 PM: INFO: iphone X
04/19/2024 06:46:18 PM: INFO: Samsung Note 8
04/19/2024 06:46:18 PM: INFO: Samsung Note 8
04/19/2024 06:46:18 PM: INFO: Samsung Note 8
04/19/2024 06:46:18 PM: INFO: Nokia Edge
04/19/2024 06:46:18 PM: INFO: Nokia Edge
04/19/2024 06:46:18 PM: INFO: Nokia Edge
04/19/2024 06:46:18 PM: INFO: Blackberry
04/19/2024 06:46:18 PM: INFO: Blackberry
04/19/2024 06:46:18 PM: INFO: Blackberry
04/19/2024 06:46:18 PM: INFO: ------------Entering the Country Names----------
04/19/2024 06:46:18 PM: INFO: ------------Entering the Country Names----------
04/19/2024 06:46:18 PM: INFO: ------------Entering the Country Names----------
04/19/2024 06:46:25 PM: INFO: ------------The Text recivied is ----------×
Success! Thank you! Your order will be delivered in next few weeks :-).
04/19/2024 06:46:25 PM: INFO: ------------The Text recivied is ----------×
Success! Thank you! Your order will be delivered in next few weeks :-).
04/19/2024 06:46:25 PM: INFO: ------------The Text recivied is ----------×
Success! Thank you! Your order will be delivered in next few weeks :-).
04/19/2024 06:47:07 PM: INFO: first name is Rahul
04/19/2024 06:47:13 PM: INFO: first name is Anshika
04/19/2024 06:47:13 PM: INFO: first name is Anshika
04/19/2024 06:47:20 PM: INFO: ====== WebDriver manager ======
04/19/2024 06:47:20 PM: INFO: ====== WebDriver manager ======
04/19/2024 06:47:24 PM: INFO: Get LATEST edgedriver version for Edge 123.0.2420
04/19/2024 06:47:24 PM: INFO: Get LATEST edgedriver version for Edge 123.0.2420
04/19/2024 06:47:25 PM: INFO: Get LATEST edgedriver version for Edge 123.0.2420
04/19/2024 06:47:25 PM: INFO: Get LATEST edgedriver version for Edge 123.0.2420
04/19/2024 06:47:27 PM: INFO: Driver [C:\Users\SHAIK KHAJA MOHIDDIN\.wdm\drivers\edgedriver\win64\123.0.2420.97\msedgedriver.exe] found in cache
04/19/2024 06:47:27 PM: INFO: Driver [C:\Users\SHAIK KHAJA MOHIDDIN\.wdm\drivers\edgedriver\win64\123.0.2420.97\msedgedriver.exe] found in cache
04/19/2024 06:47:30 PM: INFO: ---------Pulling all the Products Names----------
04/19/2024 06:47:30 PM: INFO: ---------Pulling all the Products Names----------
04/19/2024 06:47:30 PM: INFO: ---------Pulling all the Products Names----------
04/19/2024 06:47:30 PM: INFO: iphone X
04/19/2024 06:47:30 PM: INFO: iphone X
04/19/2024 06:47:30 PM: INFO: iphone X
04/19/2024 06:47:30 PM: INFO: Samsung Note 8
04/19/2024 06:47:30 PM: INFO: Samsung Note 8
04/19/2024 06:47:30 PM: INFO: Samsung Note 8
04/19/2024 06:47:30 PM: INFO: Nokia Edge
04/19/2024 06:47:30 PM: INFO: Nokia Edge
04/19/2024 06:47:30 PM: INFO: Nokia Edge
04/19/2024 06:47:30 PM: INFO: Blackberry
04/19/2024 06:47:30 PM: INFO: Blackberry
04/19/2024 06:47:30 PM: INFO: Blackberry
04/19/2024 06:47:31 PM: INFO: ------------Entering the Country Names----------
04/19/2024 06:47:31 PM: INFO: ------------Entering the Country Names----------
04/19/2024 06:47:31 PM: INFO: ------------Entering the Country Names----------
04/19/2024 06:47:37 PM: INFO: ------------The Text recivied is ----------×
Success! Thank you! Your order will be delivered in next few weeks :-).
04/19/2024 06:47:37 PM: INFO: ------------The Text recivied is ----------×
Success! Thank you! Your order will be delivered in next few weeks :-).
04/19/2024 06:47:37 PM: INFO: ------------The Text recivied is ----------×
Success! Thank you! Your order will be delivered in next few weeks :-).
04/19/2024 06:48:13 PM: INFO: first name is Rahul
04/19/2024 06:48:18 PM: INFO: first name is Anshika
04/19/2024 06:48:18 PM: INFO: first name is Anshika
04/19/2024 06:48:26 PM: INFO: ====== WebDriver manager ======
04/19/2024 06:48:26 PM: INFO: ====== WebDriver manager ======
04/19/2024 06:48:29 PM: INFO: Get LATEST edgedriver version for Edge 123.0.2420
04/19/2024 06:48:29 PM: INFO: Get LATEST edgedriver version for Edge 123.0.2420
04/19/2024 06:48:31 PM: INFO: Get LATEST edgedriver version for Edge 123.0.2420
04/19/2024 06:48:31 PM: INFO: Get LATEST edgedriver version for Edge 123.0.2420
04/19/2024 06:48:32 PM: INFO: Driver [C:\Users\SHAIK KHAJA MOHIDDIN\.wdm\drivers\edgedriver\win64\123.0.2420.97\msedgedriver.exe] found in cache
04/19/2024 06:48:32 PM: INFO: Driver [C:\Users\SHAIK KHAJA MOHIDDIN\.wdm\drivers\edgedriver\win64\123.0.2420.97\msedgedriver.exe] found in cache
04/19/2024 06:48:36 PM: INFO: ---------Pulling all the Products Names----------
04/19/2024 06:48:36 PM: INFO: ---------Pulling all the Products Names----------
04/19/2024 06:48:36 PM: INFO: ---------Pulling all the Products Names----------
04/19/2024 06:48:36 PM: INFO: iphone X
04/19/2024 06:48:36 PM: INFO: iphone X
04/19/2024 06:48:36 PM: INFO: iphone X
04/19/2024 06:48:36 PM: INFO: Samsung Note 8
04/19/2024 06:48:36 PM: INFO: Samsung Note 8
04/19/2024 06:48:36 PM: INFO: Samsung Note 8
04/19/2024 06:48:36 PM: INFO: Nokia Edge
04/19/2024 06:48:36 PM: INFO: Nokia Edge
04/19/2024 06:48:36 PM: INFO: Nokia Edge
04/19/2024 06:48:36 PM: INFO: Blackberry
04/19/2024 06:48:36 PM: INFO: Blackberry
04/19/2024 06:48:36 PM: INFO: Blackberry
04/19/2024 06:48:36 PM: INFO: ------------Entering the Country Names----------
04/19/2024 06:48:36 PM: INFO: ------------Entering the Country Names----------
04/19/2024 06:48:36 PM: INFO: ------------Entering the Country Names----------
04/19/2024 06:48:43 PM: INFO: ------------The Text recivied is ----------×
Success! Thank you! Your order will be delivered in next few weeks :-).
04/19/2024 06:48:43 PM: INFO: ------------The Text recivied is ----------×
Success! Thank you! Your order will be delivered in next few weeks :-).
04/19/2024 06:48:43 PM: INFO: ------------The Text recivied is ----------×
Success! Thank you! Your order will be delivered in next few weeks :-).
04/19/2024 06:52:38 PM: INFO: first name is Rahul
04/19/2024 06:52:43 PM: INFO: first name is Anshika
04/19/2024 06:52:43 PM: INFO: first name is Anshika
04/19/2024 06:52:50 PM: INFO: ====== WebDriver manager ======
04/19/2024 06:52:50 PM: INFO: ====== WebDriver manager ======
04/19/2024 06:52:52 PM: INFO: Get LATEST edgedriver version for Edge 123.0.2420
04/19/2024 06:52:52 PM: INFO: Get LATEST edgedriver version for Edge 123.0.2420
04/19/2024 06:52:55 PM: INFO: Get LATEST edgedriver version for Edge 123.0.2420
04/19/2024 06:52:55 PM: INFO: Get LATEST edgedriver version for Edge 123.0.2420
04/19/2024 06:52:58 PM: INFO: Driver [C:\Users\SHAIK KHAJA MOHIDDIN\.wdm\drivers\edgedriver\win64\123.0.2420.97\msedgedriver.exe] found in cache
04/19/2024 06:52:58 PM: INFO: Driver [C:\Users\SHAIK KHAJA MOHIDDIN\.wdm\drivers\edgedriver\win64\123.0.2420.97\msedgedriver.exe] found in cache
04/19/2024 06:53:03 PM: INFO: ---------Pulling all the Products Names----------
04/19/2024 06:53:03 PM: INFO: ---------Pulling all the Products Names----------
04/19/2024 06:53:03 PM: INFO: ---------Pulling all the Products Names----------
04/19/2024 06:53:03 PM: INFO: iphone X
04/19/2024 06:53:03 PM: INFO: iphone X
04/19/2024 06:53:03 PM: INFO: iphone X
04/19/2024 06:53:03 PM: INFO: Samsung Note 8
04/19/2024 06:53:03 PM: INFO: Samsung Note 8
04/19/2024 06:53:03 PM: INFO: Samsung Note 8
04/19/2024 06:53:03 PM: INFO: Nokia Edge
04/19/2024 06:53:03 PM: INFO: Nokia Edge
04/19/2024 06:53:03 PM: INFO: Nokia Edge
04/19/2024 06:53:03 PM: INFO: Blackberry
04/19/2024 06:53:03 PM: INFO: Blackberry
04/19/2024 06:53:03 PM: INFO: Blackberry
04/19/2024 06:53:04 PM: INFO: ------------Entering the Country Names----------
04/19/2024 06:53:04 PM: INFO: ------------Entering the Country Names----------
04/19/2024 06:53:04 PM: INFO: ------------Entering the Country Names----------
04/19/2024 06:53:09 PM: INFO: ------------The Text recivied is ----------×
Success! Thank you! Your order will be delivered in next few weeks :-).
04/19/2024 06:53:09 PM: INFO: ------------The Text recivied is ----------×
Success! Thank you! Your order will be delivered in next few weeks :-).
04/19/2024 06:53:09 PM: INFO: ------------The Text recivied is ----------×
Success! Thank you! Your order will be delivered in next few weeks :-).
04/19/2024 06:54:09 PM: INFO: first name is Rahul
04/19/2024 06:54:14 PM: INFO: first name is Anshika
04/19/2024 06:54:14 PM: INFO: first name is Anshika
04/19/2024 06:54:22 PM: INFO: ====== WebDriver manager ======
04/19/2024 06:54:22 PM: INFO: ====== WebDriver manager ======
04/19/2024 06:54:24 PM: INFO: Get LATEST edgedriver version for Edge 123.0.2420
04/19/2024 06:54:24 PM: INFO: Get LATEST edgedriver version for Edge 123.0.2420
04/19/2024 06:54:26 PM: INFO: Get LATEST edgedriver version for Edge 123.0.2420
04/19/2024 06:54:26 PM: INFO: Get LATEST edgedriver version for Edge 123.0.2420
04/19/2024 06:54:28 PM: INFO: Driver [C:\Users\SHAIK KHAJA MOHIDDIN\.wdm\drivers\edgedriver\win64\123.0.2420.97\msedgedriver.exe] found in cache
04/19/2024 06:54:28 PM: INFO: Driver [C:\Users\SHAIK KHAJA MOHIDDIN\.wdm\drivers\edgedriver\win64\123.0.2420.97\msedgedriver.exe] found in cache
04/19/2024 06:54:32 PM: INFO: ---------Pulling all the Products Names----------
04/19/2024 06:54:32 PM: INFO: ---------Pulling all the Products Names----------
04/19/2024 06:54:32 PM: INFO: ---------Pulling all the Products Names----------
04/19/2024 06:54:32 PM: INFO: iphone X
04/19/2024 06:54:32 PM: INFO: iphone X
04/19/2024 06:54:32 PM: INFO: iphone X
04/19/2024 06:54:32 PM: INFO: Samsung Note 8
04/19/2024 06:54:32 PM: INFO: Samsung Note 8
04/19/2024 06:54:32 PM: INFO: Samsung Note 8
04/19/2024 06:54:32 PM: INFO: Nokia Edge
04/19/2024 06:54:32 PM: INFO: Nokia Edge
04/19/2024 06:54:32 PM: INFO: Nokia Edge
04/19/2024 06:54:32 PM: INFO: Blackberry
04/19/2024 06:54:32 PM: INFO: Blackberry
04/19/2024 06:54:32 PM: INFO: Blackberry
04/19/2024 06:54:32 PM: INFO: ------------Entering the Country Names----------
04/19/2024 06:54:32 PM: INFO: ------------Entering the Country Names----------
04/19/2024 06:54:32 PM: INFO: ------------Entering the Country Names----------
04/19/2024 06:54:38 PM: INFO: ------------The Text recivied is ----------×
Success! Thank you! Your order will be delivered in next few weeks :-).
04/19/2024 06:54:38 PM: INFO: ------------The Text recivied is ----------×
Success! Thank you! Your order will be delivered in next few weeks :-).
04/19/2024 06:54:38 PM: INFO: ------------The Text recivied is ----------×
Success! Thank you! Your order will be delivered in next few weeks :-).
04/19/2024 06:55:50 PM: INFO: first name is Rahul
04/19/2024 06:55:55 PM: INFO: first name is Anshika
04/19/2024 06:55:55 PM: INFO: first name is Anshika
04/19/2024 06:56:03 PM: INFO: ====== WebDriver manager ======
04/19/2024 06:56:03 PM: INFO: ====== WebDriver manager ======
04/19/2024 06:56:05 PM: INFO: Get LATEST edgedriver version for Edge 123.0.2420
04/19/2024 06:56:05 PM: INFO: Get LATEST edgedriver version for Edge 123.0.2420
04/19/2024 06:56:07 PM: INFO: Get LATEST edgedriver version for Edge 123.0.2420
04/19/2024 06:56:07 PM: INFO: Get LATEST edgedriver version for Edge 123.0.2420
04/19/2024 06:56:08 PM: INFO: Driver [C:\Users\SHAIK KHAJA MOHIDDIN\.wdm\drivers\edgedriver\win64\123.0.2420.97\msedgedriver.exe] found in cache
04/19/2024 06:56:08 PM: INFO: Driver [C:\Users\SHAIK KHAJA MOHIDDIN\.wdm\drivers\edgedriver\win64\123.0.2420.97\msedgedriver.exe] found in cache
04/19/2024 06:56:11 PM: INFO: ---------Pulling all the Products Names----------
04/19/2024 06:56:11 PM: INFO: ---------Pulling all the Products Names----------
04/19/2024 06:56:11 PM: INFO: ---------Pulling all the Products Names----------
04/19/2024 06:56:12 PM: INFO: iphone X
04/19/2024 06:56:12 PM: INFO: iphone X
04/19/2024 06:56:12 PM: INFO: iphone X
04/19/2024 06:56:12 PM: INFO: Samsung Note 8
04/19/2024 06:56:12 PM: INFO: Samsung Note 8
04/19/2024 06:56:12 PM: INFO: Samsung Note 8
04/19/2024 06:56:12 PM: INFO: Nokia Edge
04/19/2024 06:56:12 PM: INFO: Nokia Edge
04/19/2024 06:56:12 PM: INFO: Nokia Edge
04/19/2024 06:56:12 PM: INFO: Blackberry
04/19/2024 06:56:12 PM: INFO: Blackberry
04/19/2024 06:56:12 PM: INFO: Blackberry
04/19/2024 06:56:12 PM: INFO: ------------Entering the Country Names----------
04/19/2024 06:56:12 PM: INFO: ------------Entering the Country Names----------
04/19/2024 06:56:12 PM: INFO: ------------Entering the Country Names----------
04/19/2024 06:56:17 PM: INFO: ------------The Text recivied is ----------×
Success! Thank you! Your order will be delivered in next few weeks :-).
04/19/2024 06:56:17 PM: INFO: ------------The Text recivied is ----------×
Success! Thank you! Your order will be delivered in next few weeks :-).
04/19/2024 06:56:17 PM: INFO: ------------The Text recivied is ----------×
Success! Thank you! Your order will be delivered in next few weeks :-).
04/19/2024 06:57:50 PM: INFO: first name is Rahul
04/19/2024 06:57:55 PM: INFO: first name is Anshika
04/19/2024 06:57:55 PM: INFO: first name is Anshika
04/19/2024 06:58:03 PM: INFO: ====== WebDriver manager ======
04/19/2024 06:58:03 PM: INFO: ====== WebDriver manager ======
04/19/2024 06:58:06 PM: INFO: Get LATEST edgedriver version for Edge 123.0.2420
04/19/2024 06:58:06 PM: INFO: Get LATEST edgedriver version for Edge 123.0.2420
04/19/2024 06:58:09 PM: INFO: Get LATEST edgedriver version for Edge 123.0.2420
04/19/2024 06:58:09 PM: INFO: Get LATEST edgedriver version for Edge 123.0.2420
04/19/2024 06:58:12 PM: INFO: Driver [C:\Users\SHAIK KHAJA MOHIDDIN\.wdm\drivers\edgedriver\win64\123.0.2420.97\msedgedriver.exe] found in cache
04/19/2024 06:58:12 PM: INFO: Driver [C:\Users\SHAIK KHAJA MOHIDDIN\.wdm\drivers\edgedriver\win64\123.0.2420.97\msedgedriver.exe] found in cache
04/19/2024 06:58:15 PM: INFO: ---------Pulling all the Products Names----------
04/19/2024 06:58:15 PM: INFO: ---------Pulling all the Products Names----------
04/19/2024 06:58:15 PM: INFO: ---------Pulling all the Products Names----------
04/19/2024 06:58:15 PM: INFO: iphone X
04/19/2024 06:58:15 PM: INFO: iphone X
04/19/2024 06:58:15 PM: INFO: iphone X
04/19/2024 06:58:15 PM: INFO: Samsung Note 8
04/19/2024 06:58:15 PM: INFO: Samsung Note 8
04/19/2024 06:58:15 PM: INFO: Samsung Note 8
04/19/2024 06:58:15 PM: INFO: Nokia Edge
04/19/2024 06:58:15 PM: INFO: Nokia Edge
04/19/2024 06:58:15 PM: INFO: Nokia Edge
04/19/2024 06:58:15 PM: INFO: Blackberry
04/19/2024 06:58:15 PM: INFO: Blackberry
04/19/2024 06:58:15 PM: INFO: Blackberry
04/19/2024 06:58:16 PM: INFO: ------------Entering the Country Names----------
04/19/2024 06:58:16 PM: INFO: ------------Entering the Country Names----------
04/19/2024 06:58:16 PM: INFO: ------------Entering the Country Names----------
04/19/2024 06:58:21 PM: INFO: ------------The Text recivied is ----------×
Success! Thank you! Your order will be delivered in next few weeks :-).
04/19/2024 06:58:21 PM: INFO: ------------The Text recivied is ----------×
Success! Thank you! Your order will be delivered in next few weeks :-).
04/19/2024 06:58:21 PM: INFO: ------------The Text recivied is ----------×
Success! Thank you! Your order will be delivered in next few weeks :-).
04/19/2024 07:01:52 PM: INFO: first name is Rahul
04/19/2024 07:01:57 PM: INFO: first name is Anshika
04/19/2024 07:01:57 PM: INFO: first name is Anshika
04/19/2024 07:02:05 PM: INFO: ====== WebDriver manager ======
04/19/2024 07:02:05 PM: INFO: ====== WebDriver manager ======
04/19/2024 07:02:06 PM: INFO: Get LATEST edgedriver version for Edge 123.0.2420
04/19/2024 07:02:06 PM: INFO: Get LATEST edgedriver version for Edge 123.0.2420
04/19/2024 07:02:07 PM: INFO: Get LATEST edgedriver version for Edge 123.0.2420
04/19/2024 07:02:07 PM: INFO: Get LATEST edgedriver version for Edge 123.0.2420
04/19/2024 07:02:08 PM: INFO: Driver [C:\Users\SHAIK KHAJA MOHIDDIN\.wdm\drivers\edgedriver\win64\123.0.2420.97\msedgedriver.exe] found in cache
04/19/2024 07:02:08 PM: INFO: Driver [C:\Users\SHAIK KHAJA MOHIDDIN\.wdm\drivers\edgedriver\win64\123.0.2420.97\msedgedriver.exe] found in cache
04/19/2024 07:02:12 PM: INFO: ---------Pulling all the Products Names----------
04/19/2024 07:02:12 PM: INFO: ---------Pulling all the Products Names----------
04/19/2024 07:02:12 PM: INFO: ---------Pulling all the Products Names----------
04/19/2024 07:02:12 PM: INFO: iphone X
04/19/2024 07:02:12 PM: INFO: iphone X
04/19/2024 07:02:12 PM: INFO: iphone X
04/19/2024 07:02:12 PM: INFO: Samsung Note 8
04/19/2024 07:02:12 PM: INFO: Samsung Note 8
04/19/2024 07:02:12 PM: INFO: Samsung Note 8
04/19/2024 07:02:12 PM: INFO: Nokia Edge
04/19/2024 07:02:12 PM: INFO: Nokia Edge
04/19/2024 07:02:12 PM: INFO: Nokia Edge
04/19/2024 07:02:12 PM: INFO: Blackberry
04/19/2024 07:02:12 PM: INFO: Blackberry
04/19/2024 07:02:12 PM: INFO: Blackberry
04/19/2024 07:02:12 PM: INFO: ------------Entering the Country Names----------
04/19/2024 07:02:12 PM: INFO: ------------Entering the Country Names----------
04/19/2024 07:02:12 PM: INFO: ------------Entering the Country Names----------
04/19/2024 07:02:18 PM: INFO: ------------The Text recivied is ----------×
Success! Thank you! Your order will be delivered in next few weeks :-).
04/19/2024 07:02:18 PM: INFO: ------------The Text recivied is ----------×
Success! Thank you! Your order will be delivered in next few weeks :-).
04/19/2024 07:02:18 PM: INFO: ------------The Text recivied is ----------×
Success! Thank you! Your order will be delivered in next few weeks :-).
04/19/2024 07:02:43 PM: INFO: first name is Rahul
04/19/2024 07:02:48 PM: INFO: first name is Anshika
04/19/2024 07:02:48 PM: INFO: first name is Anshika
04/19/2024 07:02:56 PM: INFO: ====== WebDriver manager ======
04/19/2024 07:02:56 PM: INFO: ====== WebDriver manager ======
04/19/2024 07:02:57 PM: INFO: Get LATEST edgedriver version for Edge 123.0.2420
04/19/2024 07:02:57 PM: INFO: Get LATEST edgedriver version for Edge 123.0.2420
04/19/2024 07:02:59 PM: INFO: Get LATEST edgedriver version for Edge 123.0.2420
04/19/2024 07:02:59 PM: INFO: Get LATEST edgedriver version for Edge 123.0.2420
04/19/2024 07:03:00 PM: INFO: Driver [C:\Users\SHAIK KHAJA MOHIDDIN\.wdm\drivers\edgedriver\win64\123.0.2420.97\msedgedriver.exe] found in cache
04/19/2024 07:03:00 PM: INFO: Driver [C:\Users\SHAIK KHAJA MOHIDDIN\.wdm\drivers\edgedriver\win64\123.0.2420.97\msedgedriver.exe] found in cache
04/19/2024 07:03:03 PM: INFO: ---------Pulling all the Products Names----------
04/19/2024 07:03:03 PM: INFO: ---------Pulling all the Products Names----------
04/19/2024 07:03:03 PM: INFO: ---------Pulling all the Products Names----------
04/19/2024 07:03:03 PM: INFO: iphone X
04/19/2024 07:03:03 PM: INFO: iphone X
04/19/2024 07:03:03 PM: INFO: iphone X
04/19/2024 07:03:03 PM: INFO: Samsung Note 8
04/19/2024 07:03:03 PM: INFO: Samsung Note 8
04/19/2024 07:03:03 PM: INFO: Samsung Note 8
04/19/2024 07:03:03 PM: INFO: Nokia Edge
04/19/2024 07:03:03 PM: INFO: Nokia Edge
04/19/2024 07:03:03 PM: INFO: Nokia Edge
04/19/2024 07:03:03 PM: INFO: Blackberry
04/19/2024 07:03:03 PM: INFO: Blackberry
04/19/2024 07:03:03 PM: INFO: Blackberry
04/19/2024 07:03:04 PM: INFO: ------------Entering the Country Names----------
04/19/2024 07:03:04 PM: INFO: ------------Entering the Country Names----------
04/19/2024 07:03:04 PM: INFO: ------------Entering the Country Names----------
04/19/2024 07:03:10 PM: INFO: ------------The Text recivied is ----------×
Success! Thank you! Your order will be delivered in next few weeks :-).
04/19/2024 07:03:10 PM: INFO: ------------The Text recivied is ----------×
Success! Thank you! Your order will be delivered in next few weeks :-).
04/19/2024 07:03:10 PM: INFO: ------------The Text recivied is ----------×
Success! Thank you! Your order will be delivered in next few weeks :-).
04/19/2024 07:24:09 PM: INFO: first name is Rahul
04/19/2024 07:24:13 PM: INFO: first name is Anshika
04/19/2024 07:24:13 PM: INFO: first name is Anshika
04/19/2024 07:24:20 PM: INFO: ====== WebDriver manager ======
04/19/2024 07:24:20 PM: INFO: ====== WebDriver manager ======
04/19/2024 07:24:22 PM: INFO: Get LATEST edgedriver version for Edge 123.0.2420
04/19/2024 07:24:22 PM: INFO: Get LATEST edgedriver version for Edge 123.0.2420
04/19/2024 07:24:23 PM: INFO: Get LATEST edgedriver version for Edge 123.0.2420
04/19/2024 07:24:23 PM: INFO: Get LATEST edgedriver version for Edge 123.0.2420
04/19/2024 07:24:24 PM: INFO: Driver [C:\Users\SHAIK KHAJA MOHIDDIN\.wdm\drivers\edgedriver\win64\123.0.2420.97\msedgedriver.exe] found in cache
04/19/2024 07:24:24 PM: INFO: Driver [C:\Users\SHAIK KHAJA MOHIDDIN\.wdm\drivers\edgedriver\win64\123.0.2420.97\msedgedriver.exe] found in cache
04/19/2024 07:24:28 PM: INFO: ---------Pulling all the Products Names----------
04/19/2024 07:24:28 PM: INFO: ---------Pulling all the Products Names----------
04/19/2024 07:24:28 PM: INFO: ---------Pulling all the Products Names----------
04/19/2024 07:24:28 PM: INFO: iphone X
04/19/2024 07:24:28 PM: INFO: iphone X
04/19/2024 07:24:28 PM: INFO: iphone X
04/19/2024 07:24:28 PM: INFO: Samsung Note 8
04/19/2024 07:24:28 PM: INFO: Samsung Note 8
04/19/2024 07:24:28 PM: INFO: Samsung Note 8
04/19/2024 07:24:28 PM: INFO: Nokia Edge
04/19/2024 07:24:28 PM: INFO: Nokia Edge
04/19/2024 07:24:28 PM: INFO: Nokia Edge
04/19/2024 07:24:28 PM: INFO: Blackberry
04/19/2024 07:24:28 PM: INFO: Blackberry
04/19/2024 07:24:28 PM: INFO: Blackberry
04/19/2024 07:24:28 PM: INFO: ------------Entering the Country Names----------
04/19/2024 07:24:28 PM: INFO: ------------Entering the Country Names----------
04/19/2024 07:24:28 PM: INFO: ------------Entering the Country Names----------
04/19/2024 07:24:34 PM: INFO: ------------The Text recivied is ----------×
Success! Thank you! Your order will be delivered in next few weeks :-).
04/19/2024 07:24:34 PM: INFO: ------------The Text recivied is ----------×
Success! Thank you! Your order will be delivered in next few weeks :-).
04/19/2024 07:24:34 PM: INFO: ------------The Text recivied is ----------×
Success! Thank you! Your order will be delivered in next few weeks :-).
04/19/2024 08:05:06 PM: INFO: first name is Rahul
04/19/2024 08:05:11 PM: INFO: first name is Anshika
04/19/2024 08:05:11 PM: INFO: first name is Anshika
04/19/2024 08:05:18 PM: INFO: ====== WebDriver manager ======
04/19/2024 08:05:18 PM: INFO: ====== WebDriver manager ======
04/19/2024 08:05:19 PM: INFO: Get LATEST edgedriver version for Edge 123.0.2420
04/19/2024 08:05:19 PM: INFO: Get LATEST edgedriver version for Edge 123.0.2420
04/19/2024 08:05:20 PM: INFO: Get LATEST edgedriver version for Edge 123.0.2420
04/19/2024 08:05:20 PM: INFO: Get LATEST edgedriver version for Edge 123.0.2420
04/19/2024 08:05:21 PM: INFO: Driver [C:\Users\SHAIK KHAJA MOHIDDIN\.wdm\drivers\edgedriver\win64\123.0.2420.97\msedgedriver.exe] found in cache
04/19/2024 08:05:21 PM: INFO: Driver [C:\Users\SHAIK KHAJA MOHIDDIN\.wdm\drivers\edgedriver\win64\123.0.2420.97\msedgedriver.exe] found in cache
04/19/2024 08:05:23 PM: INFO: ---------Pulling all the Products Names----------
04/19/2024 08:05:23 PM: INFO: ---------Pulling all the Products Names----------
04/19/2024 08:05:23 PM: INFO: ---------Pulling all the Products Names----------
04/19/2024 08:05:23 PM: INFO: iphone X
04/19/2024 08:05:23 PM: INFO: iphone X
04/19/2024 08:05:23 PM: INFO: iphone X
04/19/2024 08:05:23 PM: INFO: Samsung Note 8
04/19/2024 08:05:23 PM: INFO: Samsung Note 8
04/19/2024 08:05:23 PM: INFO: Samsung Note 8
04/19/2024 08:05:23 PM: INFO: Nokia Edge
04/19/2024 08:05:23 PM: INFO: Nokia Edge
04/19/2024 08:05:23 PM: INFO: Nokia Edge
04/19/2024 08:05:23 PM: INFO: Blackberry
04/19/2024 08:05:23 PM: INFO: Blackberry
04/19/2024 08:05:23 PM: INFO: Blackberry
04/19/2024 08:05:24 PM: INFO: ------------Entering the Country Names----------
04/19/2024 08:05:24 PM: INFO: ------------Entering the Country Names----------
04/19/2024 08:05:24 PM: INFO: ------------Entering the Country Names----------
04/19/2024 08:05:29 PM: INFO: ------------The Text recivied is ----------×
Success! Thank you! Your order will be delivered in next few weeks :-).
04/19/2024 08:05:29 PM: INFO: ------------The Text recivied is ----------×
Success! Thank you! Your order will be delivered in next few weeks :-).
04/19/2024 08:05:29 PM: INFO: ------------The Text recivied is ----------×
Success! Thank you! Your order will be delivered in next few weeks :-).
04/19/2024 08:57:25 PM: INFO: first name is Rahul
04/19/2024 08:57:30 PM: INFO: first name is Anshika
04/19/2024 08:57:30 PM: INFO: first name is Anshika
04/19/2024 08:57:37 PM: INFO: ====== WebDriver manager ======
04/19/2024 08:57:37 PM: INFO: ====== WebDriver manager ======
04/19/2024 08:57:39 PM: INFO: Get LATEST chromedriver version for google-chrome
04/19/2024 08:57:39 PM: INFO: Get LATEST chromedriver version for google-chrome
04/19/2024 08:57:39 PM: INFO: Get LATEST chromedriver version for google-chrome
04/19/2024 08:57:39 PM: INFO: Get LATEST chromedriver version for google-chrome
04/19/2024 08:57:40 PM: INFO: Driver [C:\Users\SHAIK KHAJA MOHIDDIN\.wdm\drivers\chromedriver\win64\124.0.6367.60\chromedriver-win32/chromedriver.exe] found in cache
04/19/2024 08:57:40 PM: INFO: Driver [C:\Users\SHAIK KHAJA MOHIDDIN\.wdm\drivers\chromedriver\win64\124.0.6367.60\chromedriver-win32/chromedriver.exe] found in cache
04/19/2024 08:57:42 PM: INFO: ---------Pulling all the Products Names----------
04/19/2024 08:57:42 PM: INFO: ---------Pulling all the Products Names----------
04/19/2024 08:57:42 PM: INFO: ---------Pulling all the Products Names----------
04/19/2024 08:57:43 PM: INFO: iphone X
04/19/2024 08:57:43 PM: INFO: iphone X
04/19/2024 08:57:43 PM: INFO: iphone X
04/19/2024 08:57:43 PM: INFO: Samsung Note 8
04/19/2024 08:57:43 PM: INFO: Samsung Note 8
04/19/2024 08:57:43 PM: INFO: Samsung Note 8
04/19/2024 08:57:43 PM: INFO: Nokia Edge
04/19/2024 08:57:43 PM: INFO: Nokia Edge
04/19/2024 08:57:43 PM: INFO: Nokia Edge
04/19/2024 08:57:43 PM: INFO: Blackberry
04/19/2024 08:57:43 PM: INFO: Blackberry
04/19/2024 08:57:43 PM: INFO: Blackberry
04/19/2024 08:57:43 PM: INFO: ------------Entering the Country Names----------
04/19/2024 08:57:43 PM: INFO: ------------Entering the Country Names----------
04/19/2024 08:57:43 PM: INFO: ------------Entering the Country Names----------
04/19/2024 08:57:48 PM: INFO: ------------The Text recivied is ----------×
Success! Thank you! Your order will be delivered in next few weeks :-).
04/19/2024 08:57:48 PM: INFO: ------------The Text recivied is ----------×
Success! Thank you! Your order will be delivered in next few weeks :-).
04/19/2024 08:57:48 PM: INFO: ------------The Text recivied is ----------×
Success! Thank you! Your order will be delivered in next few weeks :-).
04/19/2024 09:02:52 PM: INFO: first name is Rahul
04/19/2024 09:02:56 PM: INFO: first name is Anshika
04/19/2024 09:02:56 PM: INFO: first name is Anshika
04/19/2024 09:03:14 PM: INFO: first name is Rahul
04/19/2024 09:23:26 PM: INFO: first name is Rahul
04/19/2024 09:23:30 PM: INFO: first name is Anshika
04/19/2024 09:23:30 PM: INFO: first name is Anshika
04/19/2024 09:23:37 PM: INFO: ====== WebDriver manager ======
04/19/2024 09:23:37 PM: INFO: ====== WebDriver manager ======
04/19/2024 09:23:39 PM: INFO: Get LATEST edgedriver version for Edge 123.0.2420
04/19/2024 09:23:39 PM: INFO: Get LATEST edgedriver version for Edge 123.0.2420
04/19/2024 09:23:40 PM: INFO: Get LATEST edgedriver version for Edge 123.0.2420
04/19/2024 09:23:40 PM: INFO: Get LATEST edgedriver version for Edge 123.0.2420
04/19/2024 09:23:40 PM: INFO: Driver [C:\Users\SHAIK KHAJA MOHIDDIN\.wdm\drivers\edgedriver\win64\123.0.2420.97\msedgedriver.exe] found in cache
04/19/2024 09:23:40 PM: INFO: Driver [C:\Users\SHAIK KHAJA MOHIDDIN\.wdm\drivers\edgedriver\win64\123.0.2420.97\msedgedriver.exe] found in cache
04/19/2024 09:23:44 PM: INFO: ---------Pulling all the Products Names----------
04/19/2024 09:23:44 PM: INFO: ---------Pulling all the Products Names----------
04/19/2024 09:23:44 PM: INFO: ---------Pulling all the Products Names----------
04/19/2024 09:23:44 PM: INFO: iphone X
04/19/2024 09:23:44 PM: INFO: iphone X
04/19/2024 09:23:44 PM: INFO: iphone X
04/19/2024 09:23:44 PM: INFO: Samsung Note 8
04/19/2024 09:23:44 PM: INFO: Samsung Note 8
04/19/2024 09:23:44 PM: INFO: Samsung Note 8
04/19/2024 09:23:44 PM: INFO: Nokia Edge
04/19/2024 09:23:44 PM: INFO: Nokia Edge
04/19/2024 09:23:44 PM: INFO: Nokia Edge
04/19/2024 09:23:44 PM: INFO: Blackberry
04/19/2024 09:23:44 PM: INFO: Blackberry
04/19/2024 09:23:44 PM: INFO: Blackberry
04/19/2024 09:23:44 PM: INFO: ------------Entering the Country Names----------
04/19/2024 09:23:44 PM: INFO: ------------Entering the Country Names----------
04/19/2024 09:23:44 PM: INFO: ------------Entering the Country Names----------
04/19/2024 09:23:50 PM: INFO: ------------The Text recivied is ----------×
Success! Thank you! Your order will be delivered in next few weeks :-).
04/19/2024 09:23:50 PM: INFO: ------------The Text recivied is ----------×
Success! Thank you! Your order will be delivered in next few weeks :-).
04/19/2024 09:23:50 PM: INFO: ------------The Text recivied is ----------×
Success! Thank you! Your order will be delivered in next few weeks :-).
04/19/2024 10:05:13 PM: INFO: first name is Rahul
04/19/2024 10:05:18 PM: INFO: first name is Anshika
04/19/2024 10:05:18 PM: INFO: first name is Anshika
04/19/2024 10:05:25 PM: INFO: ====== WebDriver manager ======
04/19/2024 10:05:25 PM: INFO: ====== WebDriver manager ======
04/19/2024 10:05:26 PM: INFO: Get LATEST edgedriver version for Edge 123.0.2420
04/19/2024 10:05:26 PM: INFO: Get LATEST edgedriver version for Edge 123.0.2420
04/19/2024 10:05:27 PM: INFO: Get LATEST edgedriver version for Edge 123.0.2420
04/19/2024 10:05:27 PM: INFO: Get LATEST edgedriver version for Edge 123.0.2420
04/19/2024 10:05:28 PM: INFO: Driver [C:\Users\SHAIK KHAJA MOHIDDIN\.wdm\drivers\edgedriver\win64\123.0.2420.97\msedgedriver.exe] found in cache
04/19/2024 10:05:28 PM: INFO: Driver [C:\Users\SHAIK KHAJA MOHIDDIN\.wdm\drivers\edgedriver\win64\123.0.2420.97\msedgedriver.exe] found in cache
04/19/2024 10:05:31 PM: INFO: ---------Pulling all the Products Names----------
04/19/2024 10:05:31 PM: INFO: ---------Pulling all the Products Names----------
04/19/2024 10:05:31 PM: INFO: ---------Pulling all the Products Names----------
04/19/2024 10:05:31 PM: INFO: iphone X
04/19/2024 10:05:31 PM: INFO: iphone X
04/19/2024 10:05:31 PM: INFO: iphone X
04/19/2024 10:05:31 PM: INFO: Samsung Note 8
04/19/2024 10:05:31 PM: INFO: Samsung Note 8
04/19/2024 10:05:31 PM: INFO: Samsung Note 8
04/19/2024 10:05:31 PM: INFO: Nokia Edge
04/19/2024 10:05:31 PM: INFO: Nokia Edge
04/19/2024 10:05:31 PM: INFO: Nokia Edge
04/19/2024 10:05:31 PM: INFO: Blackberry
04/19/2024 10:05:31 PM: INFO: Blackberry
04/19/2024 10:05:31 PM: INFO: Blackberry
04/19/2024 10:05:32 PM: INFO: ------------Entering the Country Names----------
04/19/2024 10:05:32 PM: INFO: ------------Entering the Country Names----------
04/19/2024 10:05:32 PM: INFO: ------------Entering the Country Names----------
04/19/2024 10:05:37 PM: INFO: ------------The Text recivied is ----------×
Success! Thank you! Your order will be delivered in next few weeks :-).
04/19/2024 10:05:37 PM: INFO: ------------The Text recivied is ----------×
Success! Thank you! Your order will be delivered in next few weeks :-).
04/19/2024 10:05:37 PM: INFO: ------------The Text recivied is ----------×
Success! Thank you! Your order will be delivered in next few weeks :-).
04/19/2024 10:06:36 PM: INFO: first name is Rahul
04/19/2024 10:06:41 PM: INFO: first name is Anshika
04/19/2024 10:06:41 PM: INFO: first name is Anshika
04/19/2024 10:06:48 PM: INFO: ====== WebDriver manager ======
04/19/2024 10:06:48 PM: INFO: ====== WebDriver manager ======
04/19/2024 10:06:49 PM: INFO: Get LATEST edgedriver version for Edge 123.0.2420
04/19/2024 10:06:49 PM: INFO: Get LATEST edgedriver version for Edge 123.0.2420
04/19/2024 10:06:50 PM: INFO: Get LATEST edgedriver version for Edge 123.0.2420
04/19/2024 10:06:50 PM: INFO: Get LATEST edgedriver version for Edge 123.0.2420
04/19/2024 10:06:50 PM: INFO: Driver [C:\Users\SHAIK KHAJA MOHIDDIN\.wdm\drivers\edgedriver\win64\123.0.2420.97\msedgedriver.exe] found in cache
04/19/2024 10:06:50 PM: INFO: Driver [C:\Users\SHAIK KHAJA MOHIDDIN\.wdm\drivers\edgedriver\win64\123.0.2420.97\msedgedriver.exe] found in cache
04/19/2024 10:06:53 PM: INFO: ---------Pulling all the Products Names----------
04/19/2024 10:06:53 PM: INFO: ---------Pulling all the Products Names----------
04/19/2024 10:06:53 PM: INFO: ---------Pulling all the Products Names----------
04/19/2024 10:06:53 PM: INFO: iphone X
04/19/2024 10:06:53 PM: INFO: iphone X
04/19/2024 10:06:53 PM: INFO: iphone X
04/19/2024 10:06:53 PM: INFO: Samsung Note 8
04/19/2024 10:06:53 PM: INFO: Samsung Note 8
04/19/2024 10:06:53 PM: INFO: Samsung Note 8
04/19/2024 10:06:53 PM: INFO: Nokia Edge
04/19/2024 10:06:53 PM: INFO: Nokia Edge
04/19/2024 10:06:53 PM: INFO: Nokia Edge
04/19/2024 10:06:53 PM: INFO: Blackberry
04/19/2024 10:06:53 PM: INFO: Blackberry
04/19/2024 10:06:53 PM: INFO: Blackberry
04/19/2024 10:06:53 PM: INFO: ------------Entering the Country Names----------
04/19/2024 10:06:53 PM: INFO: ------------Entering the Country Names----------
04/19/2024 10:06:53 PM: INFO: ------------Entering the Country Names----------
04/19/2024 10:06:58 PM: INFO: ------------The Text recivied is ----------×
Success! Thank you! Your order will be delivered in next few weeks :-).
04/19/2024 10:06:58 PM: INFO: ------------The Text recivied is ----------×
Success! Thank you! Your order will be delivered in next few weeks :-).
04/19/2024 10:06:58 PM: INFO: ------------The Text recivied is ----------×
Success! Thank you! Your order will be delivered in next few weeks :-).
04/19/2024 10:08:11 PM: INFO: first name is Rahul
04/19/2024 10:08:15 PM: INFO: first name is Anshika
04/19/2024 10:08:15 PM: INFO: first name is Anshika
04/19/2024 10:08:22 PM: INFO: ====== WebDriver manager ======
04/19/2024 10:08:22 PM: INFO: ====== WebDriver manager ======
04/19/2024 10:08:24 PM: INFO: Get LATEST edgedriver version for Edge 123.0.2420
04/19/2024 10:08:24 PM: INFO: Get LATEST edgedriver version for Edge 123.0.2420
04/19/2024 10:08:25 PM: INFO: Get LATEST edgedriver version for Edge 123.0.2420
04/19/2024 10:08:25 PM: INFO: Get LATEST edgedriver version for Edge 123.0.2420
04/19/2024 10:08:25 PM: INFO: Driver [C:\Users\SHAIK KHAJA MOHIDDIN\.wdm\drivers\edgedriver\win64\123.0.2420.97\msedgedriver.exe] found in cache
04/19/2024 10:08:25 PM: INFO: Driver [C:\Users\SHAIK KHAJA MOHIDDIN\.wdm\drivers\edgedriver\win64\123.0.2420.97\msedgedriver.exe] found in cache
04/19/2024 10:08:28 PM: INFO: ---------Pulling all the Products Names----------
04/19/2024 10:08:28 PM: INFO: ---------Pulling all the Products Names----------
04/19/2024 10:08:28 PM: INFO: ---------Pulling all the Products Names----------
04/19/2024 10:08:28 PM: INFO: iphone X
04/19/2024 10:08:28 PM: INFO: iphone X
04/19/2024 10:08:28 PM: INFO: iphone X
04/19/2024 10:08:28 PM: INFO: Samsung Note 8
04/19/2024 10:08:28 PM: INFO: Samsung Note 8
04/19/2024 10:08:28 PM: INFO: Samsung Note 8
04/19/2024 10:08:28 PM: INFO: Nokia Edge
04/19/2024 10:08:28 PM: INFO: Nokia Edge
04/19/2024 10:08:28 PM: INFO: Nokia Edge
04/19/2024 10:08:28 PM: INFO: Blackberry
04/19/2024 10:08:28 PM: INFO: Blackberry
04/19/2024 10:08:28 PM: INFO: Blackberry
04/19/2024 10:08:28 PM: INFO: ------------Entering the Country Names----------
04/19/2024 10:08:28 PM: INFO: ------------Entering the Country Names----------
04/19/2024 10:08:28 PM: INFO: ------------Entering the Country Names----------
04/19/2024 10:08:34 PM: INFO: ------------The Text recivied is ----------×
Success! Thank you! Your order will be delivered in next few weeks :-).
04/19/2024 10:08:34 PM: INFO: ------------The Text recivied is ----------×
Success! Thank you! Your order will be delivered in next few weeks :-).
04/19/2024 10:08:34 PM: INFO: ------------The Text recivied is ----------×
Success! Thank you! Your order will be delivered in next few weeks :-).
04/20/2024 04:42:01 PM: INFO: first name is Rahul
04/20/2024 04:42:06 PM: INFO: first name is Anshika
04/20/2024 04:42:06 PM: INFO: first name is Anshika
04/20/2024 04:42:13 PM: INFO: ====== WebDriver manager ======
04/20/2024 04:42:13 PM: INFO: ====== WebDriver manager ======
04/20/2024 04:42:16 PM: INFO: Get LATEST edgedriver version for Edge 123.0.2420
04/20/2024 04:42:16 PM: INFO: Get LATEST edgedriver version for Edge 123.0.2420
04/20/2024 04:42:16 PM: INFO: Get LATEST edgedriver version for Edge 123.0.2420
04/20/2024 04:42:16 PM: INFO: Get LATEST edgedriver version for Edge 123.0.2420
04/20/2024 04:42:17 PM: INFO: Driver [C:\Users\SHAIK KHAJA MOHIDDIN\.wdm\drivers\edgedriver\win64\123.0.2420.97\msedgedriver.exe] found in cache
04/20/2024 04:42:17 PM: INFO: Driver [C:\Users\SHAIK KHAJA MOHIDDIN\.wdm\drivers\edgedriver\win64\123.0.2420.97\msedgedriver.exe] found in cache
04/20/2024 04:42:19 PM: INFO: ---------Pulling all the Products Names----------
04/20/2024 04:42:19 PM: INFO: ---------Pulling all the Products Names----------
04/20/2024 04:42:19 PM: INFO: ---------Pulling all the Products Names----------
04/20/2024 04:42:19 PM: INFO: iphone X
04/20/2024 04:42:19 PM: INFO: iphone X
04/20/2024 04:42:19 PM: INFO: iphone X
04/20/2024 04:42:19 PM: INFO: Samsung Note 8
04/20/2024 04:42:19 PM: INFO: Samsung Note 8
04/20/2024 04:42:19 PM: INFO: Samsung Note 8
04/20/2024 04:42:19 PM: INFO: Nokia Edge
04/20/2024 04:42:19 PM: INFO: Nokia Edge
04/20/2024 04:42:19 PM: INFO: Nokia Edge
04/20/2024 04:42:19 PM: INFO: Blackberry
04/20/2024 04:42:19 PM: INFO: Blackberry
04/20/2024 04:42:19 PM: INFO: Blackberry
04/20/2024 04:42:20 PM: INFO: ------------Entering the Country Names----------
04/20/2024 04:42:20 PM: INFO: ------------Entering the Country Names----------
04/20/2024 04:42:20 PM: INFO: ------------Entering the Country Names----------
04/20/2024 04:42:25 PM: INFO: ------------The Text recivied is ----------×
Success! Thank you! Your order will be delivered in next few weeks :-).
04/20/2024 04:42:25 PM: INFO: ------------The Text recivied is ----------×
Success! Thank you! Your order will be delivered in next few weeks :-).
04/20/2024 04:42:25 PM: INFO: ------------The Text recivied is ----------×
Success! Thank you! Your order will be delivered in next few weeks :-).
04/20/2024 05:17:42 PM: INFO: first name is Rahul
04/20/2024 05:17:47 PM: INFO: first name is Anshika
04/20/2024 05:17:47 PM: INFO: first name is Anshika
04/20/2024 05:17:55 PM: INFO: ====== WebDriver manager ======
04/20/2024 05:17:55 PM: INFO: ====== WebDriver manager ======
04/20/2024 05:18:01 PM: INFO: Get LATEST edgedriver version for Edge 123.0.2420
04/20/2024 05:18:01 PM: INFO: Get LATEST edgedriver version for Edge 123.0.2420
04/20/2024 05:18:02 PM: INFO: Get LATEST edgedriver version for Edge 123.0.2420
04/20/2024 05:18:02 PM: INFO: Get LATEST edgedriver version for Edge 123.0.2420
04/20/2024 05:18:03 PM: INFO: Driver [C:\Users\SHAIK KHAJA MOHIDDIN\.wdm\drivers\edgedriver\win64\123.0.2420.97\msedgedriver.exe] found in cache
04/20/2024 05:18:03 PM: INFO: Driver [C:\Users\SHAIK KHAJA MOHIDDIN\.wdm\drivers\edgedriver\win64\123.0.2420.97\msedgedriver.exe] found in cache
04/20/2024 05:18:06 PM: INFO: ---------Pulling all the Products Names----------
04/20/2024 05:18:06 PM: INFO: ---------Pulling all the Products Names----------
04/20/2024 05:18:06 PM: INFO: ---------Pulling all the Products Names----------
04/20/2024 05:18:06 PM: INFO: iphone X
04/20/2024 05:18:06 PM: INFO: iphone X
04/20/2024 05:18:06 PM: INFO: iphone X
04/20/2024 05:18:06 PM: INFO: Samsung Note 8
04/20/2024 05:18:06 PM: INFO: Samsung Note 8
04/20/2024 05:18:06 PM: INFO: Samsung Note 8
04/20/2024 05:18:06 PM: INFO: Nokia Edge
04/20/2024 05:18:06 PM: INFO: Nokia Edge
04/20/2024 05:18:06 PM: INFO: Nokia Edge
04/20/2024 05:18:06 PM: INFO: Blackberry
04/20/2024 05:18:06 PM: INFO: Blackberry
04/20/2024 05:18:06 PM: INFO: Blackberry
04/20/2024 05:18:07 PM: INFO: ------------Entering the Country Names----------
04/20/2024 05:18:07 PM: INFO: ------------Entering the Country Names----------
04/20/2024 05:18:07 PM: INFO: ------------Entering the Country Names----------
04/20/2024 05:18:12 PM: INFO: ------------The Text recivied is ----------×
Success! Thank you! Your order will be delivered in next few weeks :-).
04/20/2024 05:18:12 PM: INFO: ------------The Text recivied is ----------×
Success! Thank you! Your order will be delivered in next few weeks :-).
04/20/2024 05:18:12 PM: INFO: ------------The Text recivied is ----------×
Success! Thank you! Your order will be delivered in next few weeks :-).
04/20/2024 05:29:51 PM: INFO: first name is Rahul
04/20/2024 05:29:56 PM: INFO: first name is Anshika
04/20/2024 05:29:56 PM: INFO: first name is Anshika
04/20/2024 05:30:03 PM: INFO: ====== WebDriver manager ======
04/20/2024 05:30:03 PM: INFO: ====== WebDriver manager ======
04/20/2024 05:30:07 PM: INFO: Get LATEST edgedriver version for Edge 123.0.2420
04/20/2024 05:30:07 PM: INFO: Get LATEST edgedriver version for Edge 123.0.2420
04/20/2024 05:30:07 PM: INFO: Get LATEST edgedriver version for Edge 123.0.2420
04/20/2024 05:30:07 PM: INFO: Get LATEST edgedriver version for Edge 123.0.2420
04/20/2024 05:30:08 PM: INFO: Driver [C:\Users\SHAIK KHAJA MOHIDDIN\.wdm\drivers\edgedriver\win64\123.0.2420.97\msedgedriver.exe] found in cache
04/20/2024 05:30:08 PM: INFO: Driver [C:\Users\SHAIK KHAJA MOHIDDIN\.wdm\drivers\edgedriver\win64\123.0.2420.97\msedgedriver.exe] found in cache
04/20/2024 05:30:10 PM: INFO: ---------Pulling all the Products Names----------
04/20/2024 05:30:10 PM: INFO: ---------Pulling all the Products Names----------
04/20/2024 05:30:10 PM: INFO: ---------Pulling all the Products Names----------
04/20/2024 05:30:10 PM: INFO: iphone X
04/20/2024 05:30:10 PM: INFO: iphone X
04/20/2024 05:30:10 PM: INFO: iphone X
04/20/2024 05:30:10 PM: INFO: Samsung Note 8
04/20/2024 05:30:10 PM: INFO: Samsung Note 8
04/20/2024 05:30:10 PM: INFO: Samsung Note 8
04/20/2024 05:30:10 PM: INFO: Nokia Edge
04/20/2024 05:30:10 PM: INFO: Nokia Edge
04/20/2024 05:30:10 PM: INFO: Nokia Edge
04/20/2024 05:30:10 PM: INFO: Blackberry
04/20/2024 05:30:10 PM: INFO: Blackberry
04/20/2024 05:30:10 PM: INFO: Blackberry
04/20/2024 05:31:16 PM: INFO: first name is Rahul
04/20/2024 05:31:21 PM: INFO: first name is Anshika
04/20/2024 05:31:21 PM: INFO: first name is Anshika
04/20/2024 05:31:28 PM: INFO: ====== WebDriver manager ======
04/20/2024 05:31:28 PM: INFO: ====== WebDriver manager ======
04/20/2024 05:31:32 PM: INFO: Get LATEST edgedriver version for Edge 123.0.2420
04/20/2024 05:31:32 PM: INFO: Get LATEST edgedriver version for Edge 123.0.2420
04/20/2024 05:31:33 PM: INFO: Get LATEST edgedriver version for Edge 123.0.2420
04/20/2024 05:31:33 PM: INFO: Get LATEST edgedriver version for Edge 123.0.2420
04/20/2024 05:31:33 PM: INFO: Driver [C:\Users\SHAIK KHAJA MOHIDDIN\.wdm\drivers\edgedriver\win64\123.0.2420.97\msedgedriver.exe] found in cache
04/20/2024 05:31:33 PM: INFO: Driver [C:\Users\SHAIK KHAJA MOHIDDIN\.wdm\drivers\edgedriver\win64\123.0.2420.97\msedgedriver.exe] found in cache
04/20/2024 05:31:36 PM: INFO: ---------Pulling all the Products Names----------
04/20/2024 05:31:36 PM: INFO: ---------Pulling all the Products Names----------
04/20/2024 05:31:36 PM: INFO: ---------Pulling all the Products Names----------
04/20/2024 05:31:36 PM: INFO: iphone X
04/20/2024 05:31:36 PM: INFO: iphone X
04/20/2024 05:31:36 PM: INFO: iphone X
04/20/2024 05:31:36 PM: INFO: Samsung Note 8
04/20/2024 05:31:36 PM: INFO: Samsung Note 8
04/20/2024 05:31:36 PM: INFO: Samsung Note 8
04/20/2024 05:31:36 PM: INFO: Nokia Edge
04/20/2024 05:31:36 PM: INFO: Nokia Edge
04/20/2024 05:31:36 PM: INFO: Nokia Edge
04/20/2024 05:31:36 PM: INFO: Blackberry
04/20/2024 05:31:36 PM: INFO: Blackberry
04/20/2024 05:31:36 PM: INFO: Blackberry
04/20/2024 05:32:17 PM: INFO: first name is Rahul
04/20/2024 05:32:22 PM: INFO: first name is Anshika
04/20/2024 05:32:22 PM: INFO: first name is Anshika
04/20/2024 05:32:29 PM: INFO: ====== WebDriver manager ======
04/20/2024 05:32:29 PM: INFO: ====== WebDriver manager ======
04/20/2024 05:32:34 PM: INFO: Get LATEST edgedriver version for Edge 123.0.2420
04/20/2024 05:32:34 PM: INFO: Get LATEST edgedriver version for Edge 123.0.2420
04/20/2024 05:32:35 PM: INFO: Get LATEST edgedriver version for Edge 123.0.2420
04/20/2024 05:32:35 PM: INFO: Get LATEST edgedriver version for Edge 123.0.2420
04/20/2024 05:32:36 PM: INFO: Driver [C:\Users\SHAIK KHAJA MOHIDDIN\.wdm\drivers\edgedriver\win64\123.0.2420.97\msedgedriver.exe] found in cache
04/20/2024 05:32:36 PM: INFO: Driver [C:\Users\SHAIK KHAJA MOHIDDIN\.wdm\drivers\edgedriver\win64\123.0.2420.97\msedgedriver.exe] found in cache
04/20/2024 05:32:38 PM: INFO: ---------Pulling all the Products Names----------
04/20/2024 05:32:38 PM: INFO: ---------Pulling all the Products Names----------
04/20/2024 05:32:38 PM: INFO: ---------Pulling all the Products Names----------
04/20/2024 05:32:38 PM: INFO: iphone X
04/20/2024 05:32:38 PM: INFO: iphone X
04/20/2024 05:32:38 PM: INFO: iphone X
04/20/2024 05:32:38 PM: INFO: Samsung Note 8
04/20/2024 05:32:38 PM: INFO: Samsung Note 8
04/20/2024 05:32:38 PM: INFO: Samsung Note 8
04/20/2024 05:32:38 PM: INFO: Nokia Edge
04/20/2024 05:32:38 PM: INFO: Nokia Edge
04/20/2024 05:32:38 PM: INFO: Nokia Edge
04/20/2024 05:32:38 PM: INFO: Blackberry
04/20/2024 05:32:38 PM: INFO: Blackberry
04/20/2024 05:32:38 PM: INFO: Blackberry
04/20/2024 05:39:22 PM: INFO: first name is Rahul
04/20/2024 05:39:27 PM: INFO: first name is Anshika
04/20/2024 05:39:27 PM: INFO: first name is Anshika
04/20/2024 05:39:33 PM: INFO: ====== WebDriver manager ======
04/20/2024 05:39:33 PM: INFO: ====== WebDriver manager ======
04/20/2024 05:39:37 PM: INFO: Get LATEST edgedriver version for Edge 123.0.2420
04/20/2024 05:39:37 PM: INFO: Get LATEST edgedriver version for Edge 123.0.2420
04/20/2024 05:39:37 PM: INFO: Get LATEST edgedriver version for Edge 123.0.2420
04/20/2024 05:39:37 PM: INFO: Get LATEST edgedriver version for Edge 123.0.2420
04/20/2024 05:39:38 PM: INFO: Driver [C:\Users\SHAIK KHAJA MOHIDDIN\.wdm\drivers\edgedriver\win64\123.0.2420.97\msedgedriver.exe] found in cache
04/20/2024 05:39:38 PM: INFO: Driver [C:\Users\SHAIK KHAJA MOHIDDIN\.wdm\drivers\edgedriver\win64\123.0.2420.97\msedgedriver.exe] found in cache
04/20/2024 05:39:40 PM: INFO: ---------Pulling all the Products Names----------
04/20/2024 05:39:40 PM: INFO: ---------Pulling all the Products Names----------
04/20/2024 05:39:40 PM: INFO: ---------Pulling all the Products Names----------
04/20/2024 05:39:40 PM: INFO: iphone X
04/20/2024 05:39:40 PM: INFO: iphone X
04/20/2024 05:39:40 PM: INFO: iphone X
04/20/2024 05:39:40 PM: INFO: Samsung Note 8
04/20/2024 05:39:40 PM: INFO: Samsung Note 8
04/20/2024 05:39:40 PM: INFO: Samsung Note 8
04/20/2024 05:39:40 PM: INFO: Nokia Edge
04/20/2024 05:39:40 PM: INFO: Nokia Edge
04/20/2024 05:39:40 PM: INFO: Nokia Edge
04/20/2024 05:39:40 PM: INFO: Blackberry
04/20/2024 05:39:40 PM: INFO: Blackberry
04/20/2024 05:39:40 PM: INFO: Blackberry
04/20/2024 05:40:34 PM: INFO: first name is Rahul
04/20/2024 05:40:38 PM: INFO: first name is Anshika
04/20/2024 05:40:38 PM: INFO: first name is Anshika
04/20/2024 05:40:45 PM: INFO: ====== WebDriver manager ======
04/20/2024 05:40:45 PM: INFO: ====== WebDriver manager ======
04/20/2024 05:40:49 PM: INFO: Get LATEST edgedriver version for Edge 123.0.2420
04/20/2024 05:40:49 PM: INFO: Get LATEST edgedriver version for Edge 123.0.2420
04/20/2024 05:40:51 PM: INFO: Get LATEST edgedriver version for Edge 123.0.2420
04/20/2024 05:40:51 PM: INFO: Get LATEST edgedriver version for Edge 123.0.2420
04/20/2024 05:40:52 PM: INFO: Driver [C:\Users\SHAIK KHAJA MOHIDDIN\.wdm\drivers\edgedriver\win64\123.0.2420.97\msedgedriver.exe] found in cache
04/20/2024 05:40:52 PM: INFO: Driver [C:\Users\SHAIK KHAJA MOHIDDIN\.wdm\drivers\edgedriver\win64\123.0.2420.97\msedgedriver.exe] found in cache
04/20/2024 05:40:55 PM: INFO: ---------Pulling all the Products Names----------
04/20/2024 05:40:55 PM: INFO: ---------Pulling all the Products Names----------
04/20/2024 05:40:55 PM: INFO: ---------Pulling all the Products Names----------
04/20/2024 05:40:55 PM: INFO: iphone X
04/20/2024 05:40:55 PM: INFO: iphone X
04/20/2024 05:40:55 PM: INFO: iphone X
04/20/2024 05:40:55 PM: INFO: Samsung Note 8
04/20/2024 05:40:55 PM: INFO: Samsung Note 8
04/20/2024 05:40:55 PM: INFO: Samsung Note 8
04/20/2024 05:40:55 PM: INFO: Nokia Edge
04/20/2024 05:40:55 PM: INFO: Nokia Edge
04/20/2024 05:40:55 PM: INFO: Nokia Edge
04/20/2024 05:40:55 PM: INFO: Blackberry
04/20/2024 05:40:55 PM: INFO: Blackberry
04/20/2024 05:40:55 PM: INFO: Blackberry
04/20/2024 05:45:57 PM: INFO: ---------Pulling all the Products Names----------
04/20/2024 05:45:57 PM: INFO: iphone X
04/20/2024 05:45:58 PM: INFO: Samsung Note 8
04/20/2024 05:45:58 PM: INFO: Nokia Edge
04/20/2024 05:45:58 PM: INFO: Blackberry
04/20/2024 05:45:58 PM: INFO: ------------Entering the Country Names----------
04/20/2024 05:46:03 PM: INFO: ------------The Text recivied is ----------×
Success! Thank you! Your order will be delivered in next few weeks :-).
04/20/2024 05:46:50 PM: INFO: ---------Pulling all the Products Names----------
04/20/2024 05:46:50 PM: INFO: iphone X
04/20/2024 05:46:50 PM: INFO: Samsung Note 8
04/20/2024 05:46:50 PM: INFO: Nokia Edge
04/20/2024 05:46:50 PM: INFO: Blackberry
04/20/2024 05:47:21 PM: INFO: ---------Pulling all the Products Names----------
04/20/2024 05:47:21 PM: INFO: iphone X
04/20/2024 05:47:21 PM: INFO: Samsung Note 8
04/20/2024 05:47:21 PM: INFO: Nokia Edge
04/20/2024 05:47:21 PM: INFO: Blackberry
04/20/2024 05:47:48 PM: INFO: ---------Pulling all the Products Names----------
04/20/2024 05:47:48 PM: INFO: iphone X
04/20/2024 05:47:48 PM: INFO: Samsung Note 8
04/20/2024 05:47:48 PM: INFO: Nokia Edge
04/20/2024 05:47:48 PM: INFO: Blackberry
04/20/2024 05:54:01 PM: INFO: ---------Pulling all the Products Names----------
04/20/2024 05:54:01 PM: INFO: iphone X
04/20/2024 05:54:02 PM: INFO: Samsung Note 8
04/20/2024 05:54:02 PM: INFO: Nokia Edge
04/20/2024 05:54:02 PM: INFO: Blackberry
04/20/2024 05:54:33 PM: INFO: ---------Pulling all the Products Names----------
04/20/2024 05:54:33 PM: INFO: iphone X
04/20/2024 05:54:33 PM: INFO: Samsung Note 8
04/20/2024 05:54:33 PM: INFO: Nokia Edge
04/20/2024 05:54:33 PM: INFO: Blackberry
04/20/2024 05:56:34 PM: INFO: ---------Pulling all the Products Names----------
04/20/2024 05:56:34 PM: INFO: iphone X
04/20/2024 05:56:34 PM: INFO: Samsung Note 8
04/20/2024 05:56:34 PM: INFO: Nokia Edge
04/20/2024 05:56:34 PM: INFO: Blackberry
04/20/2024 05:56:34 PM: ERROR: Print Error Reason
04/20/2024 06:39:50 PM: INFO: first name is Rahul
04/20/2024 06:39:54 PM: INFO: first name is Anshika
04/20/2024 06:39:54 PM: INFO: first name is Anshika
04/20/2024 06:40:01 PM: INFO: ====== WebDriver manager ======
04/20/2024 06:40:01 PM: INFO: ====== WebDriver manager ======
04/20/2024 06:40:05 PM: INFO: Get LATEST chromedriver version for google-chrome
04/20/2024 06:40:05 PM: INFO: Get LATEST chromedriver version for google-chrome
04/20/2024 06:40:05 PM: INFO: Get LATEST chromedriver version for google-chrome
04/20/2024 06:40:05 PM: INFO: Get LATEST chromedriver version for google-chrome
04/20/2024 06:40:06 PM: INFO: Driver [C:\Users\SHAIK KHAJA MOHIDDIN\.wdm\drivers\chromedriver\win64\124.0.6367.60\chromedriver-win32/chromedriver.exe] found in cache
04/20/2024 06:40:06 PM: INFO: Driver [C:\Users\SHAIK KHAJA MOHIDDIN\.wdm\drivers\chromedriver\win64\124.0.6367.60\chromedriver-win32/chromedriver.exe] found in cache
04/20/2024 06:40:08 PM: INFO: ---------Pulling all the Products Names----------
04/20/2024 06:40:08 PM: INFO: ---------Pulling all the Products Names----------
04/20/2024 06:40:08 PM: INFO: ---------Pulling all the Products Names----------
04/20/2024 06:40:08 PM: INFO: iphone X
04/20/2024 06:40:08 PM: INFO: iphone X
04/20/2024 06:40:08 PM: INFO: iphone X
04/20/2024 06:40:08 PM: INFO: Samsung Note 8
04/20/2024 06:40:08 PM: INFO: Samsung Note 8
04/20/2024 06:40:08 PM: INFO: Samsung Note 8
04/20/2024 06:40:08 PM: INFO: Nokia Edge
04/20/2024 06:40:08 PM: INFO: Nokia Edge
04/20/2024 06:40:08 PM: INFO: Nokia Edge
04/20/2024 06:40:08 PM: INFO: Blackberry
04/20/2024 06:40:08 PM: INFO: Blackberry
04/20/2024 06:40:08 PM: INFO: Blackberry
04/20/2024 06:40:08 PM: ERROR: Print Error Reason
04/20/2024 06:40:08 PM: ERROR: Print Error Reason
04/20/2024 06:40:08 PM: ERROR: Print Error Reason
04/20/2024 06:40:08 PM: INFO: ------------Entering the Country Names----------
04/20/2024 06:40:08 PM: INFO: ------------Entering the Country Names----------
04/20/2024 06:40:08 PM: INFO: ------------Entering the Country Names----------
04/20/2024 06:40:14 PM: INFO: ------------The Text recivied is ----------×
Success! Thank you! Your order will be delivered in next few weeks :-).
04/20/2024 06:40:14 PM: INFO: ------------The Text recivied is ----------×
Success! Thank you! Your order will be delivered in next few weeks :-).
04/20/2024 06:40:14 PM: INFO: ------------The Text recivied is ----------×
Success! Thank you! Your order will be delivered in next few weeks :-).
